# JRE version: Java(TM) SE Runtime Environment (8.0_25-b18) (build 1.8.0_25-b18)
# Java VM: Java HotSpot(TM) 64-Bit Server VM (25.25-b02 mixed mode windows-amd64 compressed oops)
Heap:
 PSYoungGen      total 298496K, used 42884K [0x00000000e0d00000, 0x00000000fb880000, 0x0000000100000000)
  eden space 286720K, 10% used [0x00000000e0d00000,0x00000000e2b65a80,0x00000000f2500000)
  from space 11776K, 99% used [0x00000000f2500000,0x00000000f307b608,0x00000000f3080000)
  to   space 15872K, 0% used [0x00000000fa900000,0x00000000fa900000,0x00000000fb880000)
 ParOldGen       total 55808K, used 23466K [0x00000000a2600000, 0x00000000a5c80000, 0x00000000e0d00000)
  object space 55808K, 42% used [0x00000000a2600000,0x00000000a3ceabb8,0x00000000a5c80000)
 Metaspace       used 49074K, capacity 51838K, committed 52096K, reserved 1093632K
  class space    used 6773K, capacity 7240K, committed 7296K, reserved 1048576K
GC Heap History (10 events):
Event: 2.997 GC heap before
{Heap before GC invocations=9 (full 1):
 PSYoungGen      total 200704K, used 3800K [0x00000000e0d00000, 0x00000000ed900000, 0x0000000100000000)
  eden space 193536K, 0% used [0x00000000e0d00000,0x00000000e0d00000,0x00000000eca00000)
  from space 7168K, 53% used [0x00000000ed200000,0x00000000ed5b63e0,0x00000000ed900000)
  to   space 7680K, 0% used [0x00000000eca00000,0x00000000eca00000,0x00000000ed180000)
 ParOldGen       total 64512K, used 5781K [0x00000000a2600000, 0x00000000a6500000, 0x00000000e0d00000)
  object space 64512K, 8% used [0x00000000a2600000,0x00000000a2ba56c8,0x00000000a6500000)
 Metaspace       used 20396K, capacity 21174K, committed 21296K, reserved 1067008K
  class space    used 2657K, capacity 2853K, committed 2944K, reserved 1048576K
Event: 3.050 GC heap after
Heap after GC invocations=9 (full 1):
 PSYoungGen      total 200704K, used 0K [0x00000000e0d00000, 0x00000000ed900000, 0x0000000100000000)
  eden space 193536K, 0% used [0x00000000e0d00000,0x00000000e0d00000,0x00000000eca00000)
  from space 7168K, 0% used [0x00000000ed200000,0x00000000ed200000,0x00000000ed900000)
  to   space 7680K, 0% used [0x00000000eca00000,0x00000000eca00000,0x00000000ed180000)
 ParOldGen       total 36864K, used 6330K [0x00000000a2600000, 0x00000000a4a00000, 0x00000000e0d00000)
  object space 36864K, 17% used [0x00000000a2600000,0x00000000a2c2ea80,0x00000000a4a00000)
 Metaspace       used 20394K, capacity 21172K, committed 21296K, reserved 1067008K
  class space    used 2657K, capacity 2852K, committed 2944K, reserved 1048576K
}
Event: 4.752 GC heap before
{Heap before GC invocations=10 (full 1):
 PSYoungGen      total 200704K, used 193521K [0x00000000e0d00000, 0x00000000ed900000, 0x0000000100000000)
  eden space 193536K, 99% used [0x00000000e0d00000,0x00000000ec9fc7a8,0x00000000eca00000)
  from space 7168K, 0% used [0x00000000ed200000,0x00000000ed200000,0x00000000ed900000)
  to   space 7680K, 0% used [0x00000000eca00000,0x00000000eca00000,0x00000000ed180000)
 ParOldGen       total 36864K, used 6330K [0x00000000a2600000, 0x00000000a4a00000, 0x00000000e0d00000)
  object space 36864K, 17% used [0x00000000a2600000,0x00000000a2c2ea80,0x00000000a4a00000)
 Metaspace       used 26815K, capacity 28504K, committed 28800K, reserved 1075200K
  class space    used 3606K, capacity 3912K, committed 3968K, reserved 1048576K
Event: 4.779 GC heap after
Heap after GC invocations=10 (full 1):
 PSYoungGen      total 201216K, used 7662K [0x00000000e0d00000, 0x00000000f3c00000, 0x0000000100000000)
  eden space 193536K, 0% used [0x00000000e0d00000,0x00000000e0d00000,0x00000000eca00000)
  from space 7680K, 99% used [0x00000000eca00000,0x00000000ed17b9d8,0x00000000ed180000)
  to   space 9728K, 0% used [0x00000000f3280000,0x00000000f3280000,0x00000000f3c00000)
 ParOldGen       total 36864K, used 9267K [0x00000000a2600000, 0x00000000a4a00000, 0x00000000e0d00000)
  object space 36864K, 25% used [0x00000000a2600000,0x00000000a2f0ce00,0x00000000a4a00000)
 Metaspace       used 26815K, capacity 28504K, committed 28800K, reserved 1075200K
  class space    used 3606K, capacity 3912K, committed 3968K, reserved 1048576K
}
Event: 5.886 GC heap before
{Heap before GC invocations=11 (full 1):
 PSYoungGen      total 201216K, used 150264K [0x00000000e0d00000, 0x00000000f3c00000, 0x0000000100000000)
  eden space 193536K, 73% used [0x00000000e0d00000,0x00000000e98426f0,0x00000000eca00000)
  from space 7680K, 99% used [0x00000000eca00000,0x00000000ed17b9d8,0x00000000ed180000)
  to   space 9728K, 0% used [0x00000000f3280000,0x00000000f3280000,0x00000000f3c00000)
 ParOldGen       total 36864K, used 9267K [0x00000000a2600000, 0x00000000a4a00000, 0x00000000e0d00000)
  object space 36864K, 25% used [0x00000000a2600000,0x00000000a2f0ce00,0x00000000a4a00000)
 Metaspace       used 33461K, capacity 35278K, committed 35456K, reserved 1079296K
  class space    used 4333K, capacity 4671K, committed 4736K, reserved 1048576K
Event: 5.901 GC heap after
Heap after GC invocations=11 (full 1):
 PSYoungGen      total 296448K, used 9702K [0x00000000e0d00000, 0x00000000f3c00000, 0x0000000100000000)
  eden space 286720K, 0% used [0x00000000e0d00000,0x00000000e0d00000,0x00000000f2500000)
  from space 9728K, 99% used [0x00000000f3280000,0x00000000f3bf99c8,0x00000000f3c00000)
  to   space 11776K, 0% used [0x00000000f2500000,0x00000000f2500000,0x00000000f3080000)
 ParOldGen       total 36864K, used 10798K [0x00000000a2600000, 0x00000000a4a00000, 0x00000000e0d00000)
  object space 36864K, 29% used [0x00000000a2600000,0x00000000a308bb00,0x00000000a4a00000)
 Metaspace       used 33461K, capacity 35278K, committed 35456K, reserved 1079296K
  class space    used 4333K, capacity 4671K, committed 4736K, reserved 1048576K
}
Event: 5.901 GC heap before
{Heap before GC invocations=12 (full 2):
 PSYoungGen      total 296448K, used 9702K [0x00000000e0d00000, 0x00000000f3c00000, 0x0000000100000000)
  eden space 286720K, 0% used [0x00000000e0d00000,0x00000000e0d00000,0x00000000f2500000)
  from space 9728K, 99% used [0x00000000f3280000,0x00000000f3bf99c8,0x00000000f3c00000)
  to   space 11776K, 0% used [0x00000000f2500000,0x00000000f2500000,0x00000000f3080000)
 ParOldGen       total 36864K, used 10798K [0x00000000a2600000, 0x00000000a4a00000, 0x00000000e0d00000)
  object space 36864K, 29% used [0x00000000a2600000,0x00000000a308bb00,0x00000000a4a00000)
 Metaspace       used 33461K, capacity 35278K, committed 35456K, reserved 1079296K
  class space    used 4333K, capacity 4671K, committed 4736K, reserved 1048576K
Event: 5.992 GC heap after
Heap after GC invocations=12 (full 2):
 PSYoungGen      total 296448K, used 0K [0x00000000e0d00000, 0x00000000f3c00000, 0x0000000100000000)
  eden space 286720K, 0% used [0x00000000e0d00000,0x00000000e0d00000,0x00000000f2500000)
  from space 9728K, 0% used [0x00000000f3280000,0x00000000f3280000,0x00000000f3c00000)
  to   space 11776K, 0% used [0x00000000f2500000,0x00000000f2500000,0x00000000f3080000)
 ParOldGen       total 55808K, used 16415K [0x00000000a2600000, 0x00000000a5c80000, 0x00000000e0d00000)
  object space 55808K, 29% used [0x00000000a2600000,0x00000000a3607dd0,0x00000000a5c80000)
 Metaspace       used 33461K, capacity 35278K, committed 35456K, reserved 1079296K
  class space    used 4333K, capacity 4671K, committed 4736K, reserved 1048576K
}
Event: 8.936 GC heap before
{Heap before GC invocations=13 (full 2):
 PSYoungGen      total 296448K, used 286720K [0x00000000e0d00000, 0x00000000f3c00000, 0x0000000100000000)
  eden space 286720K, 100% used [0x00000000e0d00000,0x00000000f2500000,0x00000000f2500000)
  from space 9728K, 0% used [0x00000000f3280000,0x00000000f3280000,0x00000000f3c00000)
  to   space 11776K, 0% used [0x00000000f2500000,0x00000000f2500000,0x00000000f3080000)
 ParOldGen       total 55808K, used 16415K [0x00000000a2600000, 0x00000000a5c80000, 0x00000000e0d00000)
  object space 55808K, 29% used [0x00000000a2600000,0x00000000a3607dd0,0x00000000a5c80000)
 Metaspace       used 48901K, capacity 51688K, committed 51840K, reserved 1093632K
  class space    used 6743K, capacity 7223K, committed 7296K, reserved 1048576K
Event: 8.962 GC heap after
Heap after GC invocations=13 (full 2):
 PSYoungGen      total 298496K, used 11757K [0x00000000e0d00000, 0x00000000fb880000, 0x0000000100000000)
  eden space 286720K, 0% used [0x00000000e0d00000,0x00000000e0d00000,0x00000000f2500000)
  from space 11776K, 99% used [0x00000000f2500000,0x00000000f307b608,0x00000000f3080000)
  to   space 15872K, 0% used [0x00000000fa900000,0x00000000fa900000,0x00000000fb880000)
 ParOldGen       total 55808K, used 23466K [0x00000000a2600000, 0x00000000a5c80000, 0x00000000e0d00000)
  object space 55808K, 42% used [0x00000000a2600000,0x00000000a3ceabb8,0x00000000a5c80000)
 Metaspace       used 48901K, capacity 51688K, committed 51840K, reserved 1093632K
  class space    used 6743K, capacity 7223K, committed 7296K, reserved 1048576K
}

