# JRE version: Java(TM) SE Runtime Environment (8.0_25-b18) (build 1.8.0_25-b18)
# Java VM: Java HotSpot(TM) 64-Bit Server VM (25.25-b02 mixed mode windows-amd64 compressed oops)
Heap:
 PSYoungGen      total 285696K, used 63741K [0x00000000e0d00000, 0x00000000f8c00000, 0x0000000100000000)
  eden space 274432K, 19% used [0x00000000e0d00000,0x00000000e4041dc8,0x00000000f1900000)
  from space 11264K, 99% used [0x00000000f1900000,0x00000000f23fd9c0,0x00000000f2400000)
  to   space 15360K, 0% used [0x00000000f7d00000,0x00000000f7d00000,0x00000000f8c00000)
 ParOldGen       total 62976K, used 22754K [0x00000000a2600000, 0x00000000a6380000, 0x00000000e0d00000)
  object space 62976K, 36% used [0x00000000a2600000,0x00000000a3c388b8,0x00000000a6380000)
 Metaspace       used 49062K, capacity 51912K, committed 52136K, reserved 1093632K
  class space    used 6773K, capacity 7239K, committed 7344K, reserved 1048576K
GC Heap History (10 events):
Event: 2.955 GC heap before
{Heap before GC invocations=9 (full 1):
 PSYoungGen      total 200704K, used 4280K [0x00000000e0d00000, 0x00000000ed900000, 0x0000000100000000)
  eden space 193536K, 0% used [0x00000000e0d00000,0x00000000e0d00000,0x00000000eca00000)
  from space 7168K, 59% used [0x00000000ed200000,0x00000000ed62e3e0,0x00000000ed900000)
  to   space 7680K, 0% used [0x00000000eca00000,0x00000000eca00000,0x00000000ed180000)
 ParOldGen       total 64512K, used 6085K [0x00000000a2600000, 0x00000000a6500000, 0x00000000e0d00000)
  object space 64512K, 9% used [0x00000000a2600000,0x00000000a2bf1590,0x00000000a6500000)
 Metaspace       used 20481K, capacity 21268K, committed 21296K, reserved 1067008K
  class space    used 2684K, capacity 2862K, committed 2864K, reserved 1048576K
Event: 3.009 GC heap after
Heap after GC invocations=9 (full 1):
 PSYoungGen      total 200704K, used 0K [0x00000000e0d00000, 0x00000000ed900000, 0x0000000100000000)
  eden space 193536K, 0% used [0x00000000e0d00000,0x00000000e0d00000,0x00000000eca00000)
  from space 7168K, 0% used [0x00000000ed200000,0x00000000ed200000,0x00000000ed900000)
  to   space 7680K, 0% used [0x00000000eca00000,0x00000000eca00000,0x00000000ed180000)
 ParOldGen       total 39936K, used 6790K [0x00000000a2600000, 0x00000000a4d00000, 0x00000000e0d00000)
  object space 39936K, 17% used [0x00000000a2600000,0x00000000a2ca1b68,0x00000000a4d00000)
 Metaspace       used 20479K, capacity 21266K, committed 21296K, reserved 1067008K
  class space    used 2684K, capacity 2861K, committed 2864K, reserved 1048576K
}
Event: 4.476 GC heap before
{Heap before GC invocations=10 (full 1):
 PSYoungGen      total 200704K, used 193536K [0x00000000e0d00000, 0x00000000ed900000, 0x0000000100000000)
  eden space 193536K, 100% used [0x00000000e0d00000,0x00000000eca00000,0x00000000eca00000)
  from space 7168K, 0% used [0x00000000ed200000,0x00000000ed200000,0x00000000ed900000)
  to   space 7680K, 0% used [0x00000000eca00000,0x00000000eca00000,0x00000000ed180000)
 ParOldGen       total 39936K, used 6790K [0x00000000a2600000, 0x00000000a4d00000, 0x00000000e0d00000)
  object space 39936K, 17% used [0x00000000a2600000,0x00000000a2ca1b68,0x00000000a4d00000)
 Metaspace       used 26808K, capacity 28540K, committed 28848K, reserved 1075200K
  class space    used 3612K, capacity 3944K, committed 4016K, reserved 1048576K
Event: 4.489 GC heap after
Heap after GC invocations=10 (full 1):
 PSYoungGen      total 201216K, used 7649K [0x00000000e0d00000, 0x00000000f2f00000, 0x0000000100000000)
  eden space 193536K, 0% used [0x00000000e0d00000,0x00000000e0d00000,0x00000000eca00000)
  from space 7680K, 99% used [0x00000000eca00000,0x00000000ed178560,0x00000000ed180000)
  to   space 9728K, 0% used [0x00000000f2580000,0x00000000f2580000,0x00000000f2f00000)
 ParOldGen       total 39936K, used 9111K [0x00000000a2600000, 0x00000000a4d00000, 0x00000000e0d00000)
  object space 39936K, 22% used [0x00000000a2600000,0x00000000a2ee5d90,0x00000000a4d00000)
 Metaspace       used 26808K, capacity 28540K, committed 28848K, reserved 1075200K
  class space    used 3612K, capacity 3944K, committed 4016K, reserved 1048576K
}
Event: 5.549 GC heap before
{Heap before GC invocations=11 (full 1):
 PSYoungGen      total 201216K, used 136984K [0x00000000e0d00000, 0x00000000f2f00000, 0x0000000100000000)
  eden space 193536K, 66% used [0x00000000e0d00000,0x00000000e8b4ddf0,0x00000000eca00000)
  from space 7680K, 99% used [0x00000000eca00000,0x00000000ed178560,0x00000000ed180000)
  to   space 9728K, 0% used [0x00000000f2580000,0x00000000f2580000,0x00000000f2f00000)
 ParOldGen       total 39936K, used 9111K [0x00000000a2600000, 0x00000000a4d00000, 0x00000000e0d00000)
  object space 39936K, 22% used [0x00000000a2600000,0x00000000a2ee5d90,0x00000000a4d00000)
 Metaspace       used 33441K, capacity 35276K, committed 35496K, reserved 1079296K
  class space    used 4333K, capacity 4670K, committed 4784K, reserved 1048576K
Event: 5.563 GC heap after
Heap after GC invocations=11 (full 1):
 PSYoungGen      total 282112K, used 9723K [0x00000000e0d00000, 0x00000000f2f00000, 0x0000000100000000)
  eden space 272384K, 0% used [0x00000000e0d00000,0x00000000e0d00000,0x00000000f1700000)
  from space 9728K, 99% used [0x00000000f2580000,0x00000000f2efee08,0x00000000f2f00000)
  to   space 11264K, 0% used [0x00000000f1900000,0x00000000f1900000,0x00000000f2400000)
 ParOldGen       total 39936K, used 10238K [0x00000000a2600000, 0x00000000a4d00000, 0x00000000e0d00000)
  object space 39936K, 25% used [0x00000000a2600000,0x00000000a2fff888,0x00000000a4d00000)
 Metaspace       used 33441K, capacity 35276K, committed 35496K, reserved 1079296K
  class space    used 4333K, capacity 4670K, committed 4784K, reserved 1048576K
}
Event: 5.563 GC heap before
{Heap before GC invocations=12 (full 2):
 PSYoungGen      total 282112K, used 9723K [0x00000000e0d00000, 0x00000000f2f00000, 0x0000000100000000)
  eden space 272384K, 0% used [0x00000000e0d00000,0x00000000e0d00000,0x00000000f1700000)
  from space 9728K, 99% used [0x00000000f2580000,0x00000000f2efee08,0x00000000f2f00000)
  to   space 11264K, 0% used [0x00000000f1900000,0x00000000f1900000,0x00000000f2400000)
 ParOldGen       total 39936K, used 10238K [0x00000000a2600000, 0x00000000a4d00000, 0x00000000e0d00000)
  object space 39936K, 25% used [0x00000000a2600000,0x00000000a2fff888,0x00000000a4d00000)
 Metaspace       used 33441K, capacity 35276K, committed 35496K, reserved 1079296K
  class space    used 4333K, capacity 4670K, committed 4784K, reserved 1048576K
Event: 5.656 GC heap after
Heap after GC invocations=12 (full 2):
 PSYoungGen      total 282112K, used 0K [0x00000000e0d00000, 0x00000000f2f00000, 0x0000000100000000)
  eden space 272384K, 0% used [0x00000000e0d00000,0x00000000e0d00000,0x00000000f1700000)
  from space 9728K, 0% used [0x00000000f2580000,0x00000000f2580000,0x00000000f2f00000)
  to   space 11264K, 0% used [0x00000000f1900000,0x00000000f1900000,0x00000000f2400000)
 ParOldGen       total 62976K, used 16405K [0x00000000a2600000, 0x00000000a6380000, 0x00000000e0d00000)
  object space 62976K, 26% used [0x00000000a2600000,0x00000000a36055a8,0x00000000a6380000)
 Metaspace       used 33441K, capacity 35276K, committed 35496K, reserved 1079296K
  class space    used 4333K, capacity 4670K, committed 4784K, reserved 1048576K
}
Event: 8.254 GC heap before
{Heap before GC invocations=13 (full 2):
 PSYoungGen      total 282112K, used 272384K [0x00000000e0d00000, 0x00000000f2f00000, 0x0000000100000000)
  eden space 272384K, 100% used [0x00000000e0d00000,0x00000000f1700000,0x00000000f1700000)
  from space 9728K, 0% used [0x00000000f2580000,0x00000000f2580000,0x00000000f2f00000)
  to   space 11264K, 0% used [0x00000000f1900000,0x00000000f1900000,0x00000000f2400000)
 ParOldGen       total 62976K, used 16405K [0x00000000a2600000, 0x00000000a6380000, 0x00000000e0d00000)
  object space 62976K, 26% used [0x00000000a2600000,0x00000000a36055a8,0x00000000a6380000)
 Metaspace       used 48055K, capacity 50746K, committed 50856K, reserved 1093632K
  class space    used 6614K, capacity 7081K, committed 7088K, reserved 1048576K
Event: 8.290 GC heap after
Heap after GC invocations=13 (full 2):
 PSYoungGen      total 285696K, used 11254K [0x00000000e0d00000, 0x00000000f8c00000, 0x0000000100000000)
  eden space 274432K, 0% used [0x00000000e0d00000,0x00000000e0d00000,0x00000000f1900000)
  from space 11264K, 99% used [0x00000000f1900000,0x00000000f23fd9c0,0x00000000f2400000)
  to   space 15360K, 0% used [0x00000000f7d00000,0x00000000f7d00000,0x00000000f8c00000)
 ParOldGen       total 62976K, used 22754K [0x00000000a2600000, 0x00000000a6380000, 0x00000000e0d00000)
  object space 62976K, 36% used [0x00000000a2600000,0x00000000a3c388b8,0x00000000a6380000)
 Metaspace       used 48055K, capacity 50746K, committed 50856K, reserved 1093632K
  class space    used 6614K, capacity 7081K, committed 7088K, reserved 1048576K
}

